<?xml version="1.0" encoding="UTF-8"?>
<testng-results ignored="0" total="4" passed="4" failed="0" skipped="0">
  <reporter-output>
  </reporter-output>
  <suite started-at="2024-02-29T15:45:02 IST" name="Default suite" finished-at="2024-02-29T15:51:42 IST" duration-ms="400008">
    <groups>
      <group name="cucumber">
        <method signature="AbstractTestNGCucumberTests.runScenario(io.cucumber.testng.PickleWrapper,io.cucumber.testng.FeatureWrapper)[pri:0, instance:TestRunner.testRun@740fb309]" name="runScenario" class="io.cucumber.testng.AbstractTestNGCucumberTests"/>
      </group> <!-- cucumber -->
    </groups>
    <test started-at="2024-02-29T15:45:02 IST" name="Default test" finished-at="2024-02-29T15:51:42 IST" duration-ms="400008">
      <class name="TestRunner.testRun">
        <test-method is-config="true" signature="setUpClass(org.testng.ITestContext)[pri:0, instance:TestRunner.testRun@740fb309]" started-at="2024-02-29T15:45:02 IST" name="setUpClass" finished-at="2024-02-29T15:45:07 IST" duration-ms="4733" status="PASS">
          <params>
            <param index="0">
              <value>
                <![CDATA[org.testng.TestRunner@eb695e8]]>
              </value>
            </param>
          </params>
          <reporter-output>
          </reporter-output>
        </test-method> <!-- setUpClass -->
        <test-method signature="runScenario(io.cucumber.testng.PickleWrapper,io.cucumber.testng.FeatureWrapper)[pri:0, instance:TestRunner.testRun@740fb309]" started-at="2024-02-29T15:45:07 IST" name="runScenario" description="Runs Cucumber Scenarios" data-provider="scenarios" finished-at="2024-02-29T15:46:42 IST" duration-ms="95116" status="PASS">
          <params>
            <param index="0">
              <value>
                <![CDATA["Validate Display of First Two Web Development Courses for Beginners"]]>
              </value>
            </param>
            <param index="1">
              <value>
                <![CDATA["Identify Courses"]]>
              </value>
            </param>
          </params>
          <reporter-output>
          </reporter-output>
        </test-method> <!-- runScenario -->
        <test-method signature="runScenario(io.cucumber.testng.PickleWrapper,io.cucumber.testng.FeatureWrapper)[pri:0, instance:TestRunner.testRun@740fb309]" started-at="2024-02-29T15:46:42 IST" name="runScenario" description="Runs Cucumber Scenarios" data-provider="scenarios" finished-at="2024-02-29T15:47:52 IST" duration-ms="70693" status="PASS">
          <params>
            <param index="0">
              <value>
                <![CDATA["Popular Courses Extraction"]]>
              </value>
            </param>
            <param index="1">
              <value>
                <![CDATA["Identify Courses"]]>
              </value>
            </param>
          </params>
          <reporter-output>
          </reporter-output>
        </test-method> <!-- runScenario -->
        <test-method signature="runScenario(io.cucumber.testng.PickleWrapper,io.cucumber.testng.FeatureWrapper)[pri:0, instance:TestRunner.testRun@740fb309]" started-at="2024-02-29T15:47:52 IST" name="runScenario" description="Runs Cucumber Scenarios" data-provider="scenarios" finished-at="2024-02-29T15:49:35 IST" duration-ms="102547" status="PASS">
          <params>
            <param index="0">
              <value>
                <![CDATA["Extract Languages from Coursera"]]>
              </value>
            </param>
            <param index="1">
              <value>
                <![CDATA["Identify Courses"]]>
              </value>
            </param>
          </params>
          <reporter-output>
          </reporter-output>
        </test-method> <!-- runScenario -->
        <test-method signature="runScenario(io.cucumber.testng.PickleWrapper,io.cucumber.testng.FeatureWrapper)[pri:0, instance:TestRunner.testRun@740fb309]" started-at="2024-02-29T15:49:35 IST" name="runScenario" description="Runs Cucumber Scenarios" data-provider="scenarios" finished-at="2024-02-29T15:51:38 IST" duration-ms="123044" status="PASS">
          <params>
            <param index="0">
              <value>
                <![CDATA["Submit Contact Us Form"]]>
              </value>
            </param>
            <param index="1">
              <value>
                <![CDATA["Identify Courses"]]>
              </value>
            </param>
          </params>
          <reporter-output>
          </reporter-output>
        </test-method> <!-- runScenario -->
        <test-method is-config="true" signature="tearDownClass()[pri:0, instance:TestRunner.testRun@740fb309]" started-at="2024-02-29T15:51:38 IST" name="tearDownClass" finished-at="2024-02-29T15:51:42 IST" duration-ms="3623" status="PASS">
          <reporter-output>
          </reporter-output>
        </test-method> <!-- tearDownClass -->
      </class> <!-- TestRunner.testRun -->
    </test> <!-- Default test -->
  </suite> <!-- Default suite -->
</testng-results>
