<?xml version="1.0" encoding="UTF-8"?>
<testng-results ignored="0" total="12" passed="12" failed="0" skipped="0">
  <reporter-output>
  </reporter-output>
  <suite started-at="2024-03-04T14:52:44 IST" name="Default suite" finished-at="2024-03-04T15:05:55 IST" duration-ms="790916">
    <groups>
      <group name="cucumber">
        <method signature="AbstractTestNGCucumberTests.runScenario(io.cucumber.testng.PickleWrapper,io.cucumber.testng.FeatureWrapper)[pri:0, instance:TestRunner.testRun@740fb309]" name="runScenario" class="io.cucumber.testng.AbstractTestNGCucumberTests"/>
      </group> <!-- cucumber -->
    </groups>
    <test started-at="2024-03-04T14:52:44 IST" name="Default test" finished-at="2024-03-04T15:05:55 IST" duration-ms="790916">
      <class name="TestRunner.testRun">
        <test-method is-config="true" signature="setUpClass(org.testng.ITestContext)[pri:0, instance:TestRunner.testRun@740fb309]" started-at="2024-03-04T14:52:44 IST" name="setUpClass" finished-at="2024-03-04T14:52:46 IST" duration-ms="2347" status="PASS">
          <params>
            <param index="0">
              <value>
                <![CDATA[org.testng.TestRunner@752ffce3]]>
              </value>
            </param>
          </params>
          <reporter-output>
          </reporter-output>
        </test-method> <!-- setUpClass -->
        <test-method signature="runScenario(io.cucumber.testng.PickleWrapper,io.cucumber.testng.FeatureWrapper)[pri:0, instance:TestRunner.testRun@740fb309]" started-at="2024-03-04T14:52:46 IST" name="runScenario" description="Runs Cucumber Scenarios" data-provider="scenarios" finished-at="2024-03-04T14:53:39 IST" duration-ms="52145" status="PASS">
          <params>
            <param index="0">
              <value>
                <![CDATA["Search For Courses"]]>
              </value>
            </param>
            <param index="1">
              <value>
                <![CDATA["Regression testing"]]>
              </value>
            </param>
          </params>
          <reporter-output>
          </reporter-output>
        </test-method> <!-- runScenario -->
        <test-method signature="runScenario(io.cucumber.testng.PickleWrapper,io.cucumber.testng.FeatureWrapper)[pri:0, instance:TestRunner.testRun@740fb309]" started-at="2024-03-04T14:53:39 IST" name="runScenario" description="Runs Cucumber Scenarios" data-provider="scenarios" finished-at="2024-03-04T14:54:54 IST" duration-ms="75437" status="PASS">
          <params>
            <param index="0">
              <value>
                <![CDATA["Extracting course details"]]>
              </value>
            </param>
            <param index="1">
              <value>
                <![CDATA["Regression testing"]]>
              </value>
            </param>
          </params>
          <reporter-output>
          </reporter-output>
        </test-method> <!-- runScenario -->
        <test-method signature="runScenario(io.cucumber.testng.PickleWrapper,io.cucumber.testng.FeatureWrapper)[pri:0, instance:TestRunner.testRun@740fb309]" started-at="2024-03-04T14:54:54 IST" name="runScenario" description="Runs Cucumber Scenarios" data-provider="scenarios" finished-at="2024-03-04T14:55:36 IST" duration-ms="41504" status="PASS">
          <params>
            <param index="0">
              <value>
                <![CDATA["Launch Browser"]]>
              </value>
            </param>
            <param index="1">
              <value>
                <![CDATA["Smoke Testing"]]>
              </value>
            </param>
          </params>
          <reporter-output>
          </reporter-output>
        </test-method> <!-- runScenario -->
        <test-method signature="runScenario(io.cucumber.testng.PickleWrapper,io.cucumber.testng.FeatureWrapper)[pri:0, instance:TestRunner.testRun@740fb309]" started-at="2024-03-04T14:55:36 IST" name="runScenario" description="Runs Cucumber Scenarios" data-provider="scenarios" finished-at="2024-03-04T14:56:21 IST" duration-ms="45273" status="PASS">
          <params>
            <param index="0">
              <value>
                <![CDATA["Validate search box"]]>
              </value>
            </param>
            <param index="1">
              <value>
                <![CDATA["Smoke Testing"]]>
              </value>
            </param>
          </params>
          <reporter-output>
          </reporter-output>
        </test-method> <!-- runScenario -->
        <test-method signature="runScenario(io.cucumber.testng.PickleWrapper,io.cucumber.testng.FeatureWrapper)[pri:0, instance:TestRunner.testRun@740fb309]" started-at="2024-03-04T14:56:21 IST" name="runScenario" description="Runs Cucumber Scenarios" data-provider="scenarios" finished-at="2024-03-04T14:57:35 IST" duration-ms="74601" status="PASS">
          <params>
            <param index="0">
              <value>
                <![CDATA["Validate Search Icon"]]>
              </value>
            </param>
            <param index="1">
              <value>
                <![CDATA["Smoke Testing"]]>
              </value>
            </param>
          </params>
          <reporter-output>
          </reporter-output>
        </test-method> <!-- runScenario -->
        <test-method signature="runScenario(io.cucumber.testng.PickleWrapper,io.cucumber.testng.FeatureWrapper)[pri:0, instance:TestRunner.testRun@740fb309]" started-at="2024-03-04T14:57:35 IST" name="runScenario" description="Runs Cucumber Scenarios" data-provider="scenarios" finished-at="2024-03-04T14:59:08 IST" duration-ms="92370" status="PASS">
          <params>
            <param index="0">
              <value>
                <![CDATA["Validate first navigation links"]]>
              </value>
            </param>
            <param index="1">
              <value>
                <![CDATA["Smoke Testing"]]>
              </value>
            </param>
          </params>
          <reporter-output>
          </reporter-output>
        </test-method> <!-- runScenario -->
        <test-method signature="runScenario(io.cucumber.testng.PickleWrapper,io.cucumber.testng.FeatureWrapper)[pri:0, instance:TestRunner.testRun@740fb309]" started-at="2024-03-04T14:59:08 IST" name="runScenario" description="Runs Cucumber Scenarios" data-provider="scenarios" finished-at="2024-03-04T15:00:19 IST" duration-ms="71353" status="PASS">
          <params>
            <param index="0">
              <value>
                <![CDATA["Validate second navigation links"]]>
              </value>
            </param>
            <param index="1">
              <value>
                <![CDATA["Smoke Testing"]]>
              </value>
            </param>
          </params>
          <reporter-output>
          </reporter-output>
        </test-method> <!-- runScenario -->
        <test-method signature="runScenario(io.cucumber.testng.PickleWrapper,io.cucumber.testng.FeatureWrapper)[pri:0, instance:TestRunner.testRun@740fb309]" started-at="2024-03-04T15:00:19 IST" name="runScenario" description="Runs Cucumber Scenarios" data-provider="scenarios" finished-at="2024-03-04T15:01:31 IST" duration-ms="71715" status="PASS">
          <params>
            <param index="0">
              <value>
                <![CDATA["Validate third navigation links"]]>
              </value>
            </param>
            <param index="1">
              <value>
                <![CDATA["Smoke Testing"]]>
              </value>
            </param>
          </params>
          <reporter-output>
          </reporter-output>
        </test-method> <!-- runScenario -->
        <test-method signature="runScenario(io.cucumber.testng.PickleWrapper,io.cucumber.testng.FeatureWrapper)[pri:0, instance:TestRunner.testRun@740fb309]" started-at="2024-03-04T15:01:31 IST" name="runScenario" description="Runs Cucumber Scenarios" data-provider="scenarios" finished-at="2024-03-04T15:02:45 IST" duration-ms="73771" status="PASS">
          <params>
            <param index="0">
              <value>
                <![CDATA["Validate Display of First Two Web Development Courses for Beginners"]]>
              </value>
            </param>
            <param index="1">
              <value>
                <![CDATA["Identify Courses"]]>
              </value>
            </param>
          </params>
          <reporter-output>
          </reporter-output>
        </test-method> <!-- runScenario -->
        <test-method signature="runScenario(io.cucumber.testng.PickleWrapper,io.cucumber.testng.FeatureWrapper)[pri:0, instance:TestRunner.testRun@740fb309]" started-at="2024-03-04T15:02:45 IST" name="runScenario" description="Runs Cucumber Scenarios" data-provider="scenarios" finished-at="2024-03-04T15:03:36 IST" duration-ms="51421" status="PASS">
          <params>
            <param index="0">
              <value>
                <![CDATA["Popular Courses Extraction"]]>
              </value>
            </param>
            <param index="1">
              <value>
                <![CDATA["Identify Courses"]]>
              </value>
            </param>
          </params>
          <reporter-output>
          </reporter-output>
        </test-method> <!-- runScenario -->
        <test-method signature="runScenario(io.cucumber.testng.PickleWrapper,io.cucumber.testng.FeatureWrapper)[pri:0, instance:TestRunner.testRun@740fb309]" started-at="2024-03-04T15:03:36 IST" name="runScenario" description="Runs Cucumber Scenarios" data-provider="scenarios" finished-at="2024-03-04T15:04:38 IST" duration-ms="61748" status="PASS">
          <params>
            <param index="0">
              <value>
                <![CDATA["Extract Languages from Coursera"]]>
              </value>
            </param>
            <param index="1">
              <value>
                <![CDATA["Identify Courses"]]>
              </value>
            </param>
          </params>
          <reporter-output>
          </reporter-output>
        </test-method> <!-- runScenario -->
        <test-method signature="runScenario(io.cucumber.testng.PickleWrapper,io.cucumber.testng.FeatureWrapper)[pri:0, instance:TestRunner.testRun@740fb309]" started-at="2024-03-04T15:04:38 IST" name="runScenario" description="Runs Cucumber Scenarios" data-provider="scenarios" finished-at="2024-03-04T15:05:53 IST" duration-ms="75589" status="PASS">
          <params>
            <param index="0">
              <value>
                <![CDATA["Invalid Email Login"]]>
              </value>
            </param>
            <param index="1">
              <value>
                <![CDATA["Identify Courses"]]>
              </value>
            </param>
          </params>
          <reporter-output>
          </reporter-output>
        </test-method> <!-- runScenario -->
        <test-method is-config="true" signature="tearDownClass()[pri:0, instance:TestRunner.testRun@740fb309]" started-at="2024-03-04T15:05:53 IST" name="tearDownClass" finished-at="2024-03-04T15:05:55 IST" duration-ms="1521" status="PASS">
          <reporter-output>
          </reporter-output>
        </test-method> <!-- tearDownClass -->
      </class> <!-- TestRunner.testRun -->
    </test> <!-- Default test -->
  </suite> <!-- Default suite -->
</testng-results>
